2023-08-06 00:19:48.011643 - Initialized conversion of CBT006
2023-08-06 00:19:48.290606 - Received CBT.V505.FILE006.PDS from FILE006.XMI 
2023-08-06 00:19:48.294309 - Found $$$#DATE.txt (text/plain) in CBT.V505.FILE006.PDS, moved to PDS/$$$#DATE
2023-08-06 00:19:48.295302 - Found $$NOTE01.txt (text/plain) in CBT.V505.FILE006.PDS, moved to PDS/$$NOTE01
2023-08-06 00:19:48.296385 - Found @FILE006.txt (text/plain) in CBT.V505.FILE006.PDS, moved to PDS/@FILE006
2023-08-06 00:19:48.297643 - Found ASMLK.jcl (text/plain) in CBT.V505.FILE006.PDS, moved to PDS/ASMLK
2023-08-06 00:19:48.298686 - Found CBTCOPY.txt (text/plain) in CBT.V505.FILE006.PDS, moved to PDS/CBTCOPY
2023-08-06 00:19:48.299654 - Found CBTCOPY$.jcl (text/plain) in CBT.V505.FILE006.PDS, moved to PDS/CBTCOPY$
2023-08-06 00:19:48.300544 - Found CBTCOPY@.jcl (text/plain) in CBT.V505.FILE006.PDS, moved to PDS/CBTCOPY@
2023-08-06 00:19:48.301580 - Found CBTUPD.txt (text/plain) in CBT.V505.FILE006.PDS, moved to PDS/CBTUPD
2023-08-06 00:19:48.302483 - Found CBTUPD$.jcl (text/plain) in CBT.V505.FILE006.PDS, moved to PDS/CBTUPD$
2023-08-06 00:19:48.303349 - Found CBTUPDTE.txt (text/plain) in CBT.V505.FILE006.PDS, moved to PDS/CBTUPDTE
2023-08-06 00:19:48.304213 - Found COVUPDTE.txt (text/plain) in CBT.V505.FILE006.PDS, moved to PDS/COVUPDTE
2023-08-06 00:19:48.305250 - Found DOCCOV.txt (text/plain) in CBT.V505.FILE006.PDS, moved to PDS/DOCCOV
2023-08-06 00:19:48.306207 - Found DOCFIL.txt (text/plain) in CBT.V505.FILE006.PDS, moved to PDS/DOCFIL
2023-08-06 00:19:48.307142 - Found DOCFILA.txt (text/plain) in CBT.V505.FILE006.PDS, moved to PDS/DOCFILA
2023-08-06 00:19:48.308078 - Found DOCFILE.txt (text/plain) in CBT.V505.FILE006.PDS, moved to PDS/DOCFILE
2023-08-06 00:19:48.309003 - Found DOCFILE$.jcl (text/plain) in CBT.V505.FILE006.PDS, moved to PDS/DOCFILE$
2023-08-06 00:19:48.310003 - Found DOCFILE#.jcl (text/plain) in CBT.V505.FILE006.PDS, moved to PDS/DOCFILE#
2023-08-06 00:19:48.310923 - Found DOCFILE@.jcl (text/plain) in CBT.V505.FILE006.PDS, moved to PDS/DOCFILE@
2023-08-06 00:19:48.311876 - Found DOCFILN.txt (text/plain) in CBT.V505.FILE006.PDS, moved to PDS/DOCFILN
2023-08-06 00:19:48.312998 - Found DOCFILX.rexx (text/plain) in CBT.V505.FILE006.PDS, moved to PDS/DOCFILX
2023-08-06 00:19:48.313960 - Found DOCFIL01.txt (text/plain) in CBT.V505.FILE006.PDS, moved to PDS/DOCFIL01
2023-08-06 00:19:48.314975 - Found ENDALL.txt (text/plain) in CBT.V505.FILE006.PDS, moved to PDS/ENDALL
2023-08-06 00:19:48.315894 - Found GENCOV.txt (text/plain) in CBT.V505.FILE006.PDS, moved to PDS/GENCOV
2023-08-06 00:19:48.316746 - Found GENDAT.txt (text/plain) in CBT.V505.FILE006.PDS, moved to PDS/GENDAT
2023-08-06 00:19:48.317600 - Found GENDATE.txt (text/plain) in CBT.V505.FILE006.PDS, moved to PDS/GENDATE
2023-08-06 00:19:48.318528 - Found GENDATN.txt (text/plain) in CBT.V505.FILE006.PDS, moved to PDS/GENDATN
2023-08-06 00:19:48.319533 - Found GENDATQ.rexx (text/plain) in CBT.V505.FILE006.PDS, moved to PDS/GENDATQ
2023-08-06 00:19:48.320421 - Found GENDATR.rexx (text/plain) in CBT.V505.FILE006.PDS, moved to PDS/GENDATR
2023-08-06 00:19:48.321309 - Found GENDESC.txt (text/plain) in CBT.V505.FILE006.PDS, moved to PDS/GENDESC
2023-08-06 00:19:48.322320 - Found GENFILE.txt (text/plain) in CBT.V505.FILE006.PDS, moved to PDS/GENFILE
2023-08-06 00:19:48.323276 - Found GENJCL7.txt (text/plain) in CBT.V505.FILE006.PDS, moved to PDS/GENJCL7
2023-08-06 00:19:48.324180 - Found GENJCL8.txt (text/plain) in CBT.V505.FILE006.PDS, moved to PDS/GENJCL8
2023-08-06 00:19:48.325063 - Found GENSTAT.txt (text/plain) in CBT.V505.FILE006.PDS, moved to PDS/GENSTAT
2023-08-06 00:19:48.326026 - Found KEYWORD.txt (text/plain) in CBT.V505.FILE006.PDS, moved to PDS/KEYWORD
2023-08-06 00:19:48.333258 - Found KEYWORDH.xmi (application/xmit) in CBT.V505.FILE006.PDS
2023-08-06 00:19:48.336441   - Received to CBT006/FILE043.DATA
2023-08-06 00:19:48.337505 - Found KEYWORDS.txt (text/plain) in CBT.V505.FILE006.PDS, moved to PDS/KEYWORDS
2023-08-06 00:19:48.338379 - Found MIAGEN2.txt (text/plain) in CBT.V505.FILE006.PDS, moved to PDS/MIAGEN2
2023-08-06 00:19:48.339195 - Found OSTAREDC.txt (text/plain) in CBT.V505.FILE006.PDS, moved to PDS/OSTAREDC
2023-08-06 00:19:48.340022 - Found OSTARREC.rexx (text/plain) in CBT.V505.FILE006.PDS, moved to PDS/OSTARREC
2023-08-06 00:19:48.340830 - Found OSTARXMT.rexx (text/plain) in CBT.V505.FILE006.PDS, moved to PDS/OSTARXMT
2023-08-06 00:19:48.341685 - Found SAVEALL.txt (text/plain) in CBT.V505.FILE006.PDS, moved to PDS/SAVEALL
2023-08-06 00:19:48.342606 - Found VBCLIST$.txt (text/plain) in CBT.V505.FILE006.PDS, moved to PDS/VBCLIST$
2023-08-06 00:19:48.366300 - Found VBCLISTS.xmi (application/xmit) in CBT.V505.FILE006.PDS
2023-08-06 00:19:48.373211   - Received to CBT006/VB.CLIST
2023-08-06 00:19:48.374260 - Found VTT2DISK.txt (text/plain) in CBT.V505.FILE006.PDS, moved to PDS/VTT2DISK
2023-08-06 00:19:48.375118 - Found VTT2TAPE.txt (text/plain) in CBT.V505.FILE006.PDS, moved to PDS/VTT2TAPE
